Vivado Simulator 2018.3
Time resolution is 1 ps
Time=5000: sel_ip=0, A=0x00000000, B=0x00000000, product=0x00000000_00000000, led=0x00000000
Time=15000: sel_ip=0, A=0x00000000, B=0x00000000, product=0x00000000_00000000, led=0x00000000
Time=25000: sel_ip=0, A=0x00000000, B=0x00000000, product=0x00000000_00000000, led=0x00000000
Time=35000: sel_ip=0, A=0x00000000, B=0x00000000, product=0x00000000_00000000, led=0x00000000
Time=45000: sel_ip=0, A=0x00000003, B=0x00000000, product=0x00000000_00000000, led=0x00000000
Time=55000: sel_ip=0, A=0x00000003, B=0x00000000, product=0x00000000_00000000, led=0x00000000
Time=65000: sel_ip=0, A=0x00000003, B=0x00000005, product=0x00000000_00000000, led=0x00000000
Time=75000: sel_ip=0, A=0x00000003, B=0x00000005, product=0x00000000_0000000f, led=0x00000000
Time=85000: sel_ip=1, A=0x00000003, B=0x00000005, product=0x00000000_0000000f, led=0x00000000
Time=95000: sel_ip=1, A=0x00000003, B=0x00000005, product=0x00000000_0000000f, led=0x00000000
Time=105000: sel_ip=1, A=0xfffffffd, B=0x00000005, product=0x00000000_0000000f, led=0x00000000
Time=115000: sel_ip=1, A=0xfffffffd, B=0x00000005, product=0xffffffff_fffffff1, led=0xffffffff
Time=125000: sel_ip=1, A=0xfffffffd, B=0x00000005, product=0xffffffff_fffffff1, led=0xffffffff
Time=135000: sel_ip=1, A=0xfffffffd, B=0x00000005, product=0xffffffff_fffffff1, led=0xffffffff
Time=145000: sel_ip=1, A=0xfffffffd, B=0x00000005, product=0xffffffff_fffffff1, led=0xffffffff
Time=155000: sel_ip=1, A=0x00000000, B=0x00000000, product=0xffffffff_fffffff1, led=0xffffffff
Time=165000: sel_ip=1, A=0x00000000, B=0x00000000, product=0x00000000_00000000, led=0x00000000
Time=175000: sel_ip=1, A=0x00000000, B=0x00000000, product=0x00000000_00000000, led=0x00000000
Time=185000: sel_ip=1, A=0x00000000, B=0x00000000, product=0x00000000_00000000, led=0x00000000
Time=195000: sel_ip=1, A=0x00000000, B=0x00000000, product=0x00000000_00000000, led=0x00000000
Time=205000: sel_ip=1, A=0x00000000, B=0x00000000, product=0x00000000_00000000, led=0x00000000
Time=215000: sel_ip=1, A=0x00000000, B=0x00000000, product=0x00000000_00000000, led=0x00000000
Time=225000: sel_ip=1, A=0x00000000, B=0x00000000, product=0x00000000_00000000, led=0x00000000
Time=235000: sel_ip=1, A=0x00000000, B=0x00000000, product=0x00000000_00000000, led=0x00000000
Time=245000: sel_ip=1, A=0x00000000, B=0x00000000, product=0x00000000_00000000, led=0x00000000
Time=255000: sel_ip=1, A=0x00000000, B=0x00000000, product=0x00000000_00000000, led=0x00000000
$finish called at time : 260 ns : File "D:/VivadoProject/project_4/project_4.srcs/sim_1/new/Multiplier_Test.v" Line 74
