Vivado Simulator 2018.3
Copyright 1986-1999, 2001-2018 Xilinx, Inc. All Rights Reserved.
Running: E:/Xilinx/Vivado/2018.3/bin/unwrapped/win64.o/xelab.exe -wto f5f2539617de456b85d14268b13eb105 --incr --debug typical --relax --mt 2 -L dist_mem_gen_v8_0_12 -L xil_defaultlib -L blk_mem_gen_v8_4_2 -L unisims_ver -L unimacro_ver -L secureip -L xpm --snapshot CPU_TEST_behav xil_defaultlib.CPU_TEST xil_defaultlib.glbl -log elaborate.log 
Using 2 slave threads.
Starting static elaboration
Completed static elaboration
Starting simulation data flow analysis
Completed simulation data flow analysis
Time Resolution for simulation is 1ps
Compiling module xil_defaultlib.OP_Func
Compiling module blk_mem_gen_v8_4_2.blk_mem_gen_v8_4_2_output_stage(...
Compiling module blk_mem_gen_v8_4_2.blk_mem_gen_v8_4_2_softecc_outpu...
Compiling module blk_mem_gen_v8_4_2.blk_mem_gen_v8_4_2_mem_module(C_...
Compiling module blk_mem_gen_v8_4_2.blk_mem_gen_v8_4_2(C_FAMILY="art...
Compiling module xil_defaultlib.Inst_ROM
Compiling module xil_defaultlib.PC
Compiling module dist_mem_gen_v8_0_12.dist_mem_gen_v8_0_12(C_FAMILY="a...
Compiling module xil_defaultlib.RAM
Compiling module xil_defaultlib.ALU
Compiling module xil_defaultlib.REGS_ALU
Compiling module xil_defaultlib.output_val
Compiling module xil_defaultlib.CPU
Compiling module xil_defaultlib.CPU_TEST
Compiling module xil_defaultlib.glbl
Built simulation snapshot CPU_TEST_behav
