Vivado Simulator 2018.3
Time resolution is 1 ps
 Block Memory Generator module loading initial data...
 Block Memory Generator data initialization complete.
Block Memory Generator module CPU_TEST.uut.PC_init.rom.inst.native_mem_module.blk_mem_gen_v8_4_2_inst is using a behavioral model for simulation which will not precisely model memory collision behavior.
WARNING: This core is supplied with a behavioral model. To model cycle-accurate behavior you must run timing simulation.
ALU_OP=xxxx
ALU_OP=0000
ALU_OP=0010
ALU_OP=0010
ALU_OP=0010
ALU_OP=0010
ALU_OP=0010
ALU_OP=0010
ALU_OP=0010
ALU_OP=0010
ALU_OP=0010
ALU_OP=0010
ALU_OP=0100
ALU_OP=0100
ALU_OP=0010
Time = 150000, PC = 00000014, Inst = 00822804
ALU Result = 000079bd, ZF = 1, OF = 0
Write_Reg = 1
ALU_OP=0111
ALU_OP=0001
ALU_OP=0111
ALU_OP=0100
ALU_OP=0101
ALU_OP=0101
ALU_OP=0100
ALU_OP=0100
ALU_OP=0000
ALU_OP=0110
Time = 250000, PC = 0000003c, Inst = 2c4f678a
ALU Result = 00000000, ZF = 1, OF = 0
Write_Reg = 1
ALU_OP=0110
ALU_OP=0100
ALU_OP=0100
ALU_OP=0100
ALU_OP=0100
ALU_OP=0100
ALU_OP=0100
ALU_OP=0001
ALU_OP=0100
ALU_OP=0100
Time = 350000, PC = 00000064, Inst = 0274a827
ALU Result = ffffffff, ZF = 0, OF = 1
Write_Reg = 1
ALU_OP=0011
ALU_OP=0100
ALU_OP=0100
ALU_OP=0110
ALU_OP=0000
ALU_OP=0000
ALU_OP=0000
ALU_OP=0000
ALU_OP=0000
ALU_OP=0000
Time = 450000, PC = 0000008c, Inst = 00000000
ALU Result = ffffffff, ZF = 0, OF = 1
Write_Reg = 1
ALU_OP=0000
ALU_OP=0000
ALU_OP=0000
ALU_OP=0000
ALU_OP=0000
ALU_OP=0000
ALU_OP=0000
ALU_OP=0000
ALU_OP=0000
ALU_OP=0000
Time = 550000, PC = 000000b4, Inst = 00000000
ALU Result = ffffffff, ZF = 0, OF = 1
Write_Reg = 1
ALU_OP=0000
ALU_OP=0000
ALU_OP=0000
ALU_OP=0000
ALU_OP=0000
ALU_OP=0000
ALU_OP=0000
ALU_OP=0000
ALU_OP=0000
ALU_OP=0000
Time = 650000, PC = 000000dc, Inst = 00000000
ALU Result = ffffffff, ZF = 0, OF = 1
Write_Reg = 1
ALU_OP=0000
ALU_OP=0000
ALU_OP=0000
ALU_OP=0000
ALU_OP=0000
ALU_OP=0000
ALU_OP=0000
ALU_OP=0000
ALU_OP=0000
ALU_OP=0000
Time = 750000, PC = 00000104, Inst = 38011234
ALU Result = ffffffff, ZF = 0, OF = 0
Write_Reg = 1
ALU_OP=0010
ALU_OP=0100
ALU_OP=0100
ALU_OP=0010
ALU_OP=0111
ALU_OP=0001
ALU_OP=0111
ALU_OP=0100
ALU_OP=0101
ALU_OP=0101
Time = 850000, PC = 0000012c, Inst = 206b7fff
ALU Result = 00007fff, ZF = 0, OF = 0
Write_Reg = 1
ALU_OP=0100
ALU_OP=0100
ALU_OP=0000
ALU_OP=0110
ALU_OP=0110
ALU_OP=0100
ALU_OP=0100
ALU_OP=0100
ALU_OP=0100
ALU_OP=0100
Time = 950000, PC = 00000154, Inst = 8c910004
ALU Result = 00000004, ZF = 0, OF = 0
Write_Reg = 1
ALU_OP=0100
ALU_OP=0001
ALU_OP=0100
ALU_OP=0100
ALU_OP=0011
ALU_OP=0100
ALU_OP=0100
ALU_OP=0110
ALU_OP=0000
ALU_OP=0000
Time = 1050000, PC = 0000017c, Inst = 00000000
ALU Result = ffffffff, ZF = 0, OF = 1
Write_Reg = 1
ALU_OP=0000
ALU_OP=0000
ALU_OP=0000
ALU_OP=0000
ALU_OP=0000
ALU_OP=0000
ALU_OP=0000
ALU_OP=0000
ALU_OP=0000
ALU_OP=0000
ALU_OP=0000
ALU_OP=0000
ALU_OP=0000
ALU_OP=0000
ALU_OP=0000
ALU_OP=0000
ALU_OP=0000
ALU_OP=0000
ALU_OP=0000
ALU_OP=0000
ALU_OP=0000
ALU_OP=0000
ALU_OP=0000
ALU_OP=0000
ALU_OP=0000
ALU_OP=0000
ALU_OP=0000
ALU_OP=0000
ALU_OP=0000
ALU_OP=0000
ALU_OP=0000
ALU_OP=0000
ALU_OP=0000
ALU_OP=0000
ALU_OP=0010
ALU_OP=0100
ALU_OP=0100
ALU_OP=0010
ALU_OP=0111
ALU_OP=0001
ALU_OP=0111
ALU_OP=0100
ALU_OP=0101
ALU_OP=0101
ALU_OP=0100
ALU_OP=0100
ALU_OP=0000
ALU_OP=0110
ALU_OP=0110
ALU_OP=0100
ALU_OP=0100
ALU_OP=0100
ALU_OP=0100
ALU_OP=0100
ALU_OP=0100
ALU_OP=0001
ALU_OP=0100
ALU_OP=0100
ALU_OP=0011
ALU_OP=0100
ALU_OP=0100
ALU_OP=0110
ALU_OP=0000
ALU_OP=0000
ALU_OP=0000
ALU_OP=0000
ALU_OP=0000
ALU_OP=0000
ALU_OP=0000
ALU_OP=0000
ALU_OP=0000
ALU_OP=0000
ALU_OP=0000
ALU_OP=0000
ALU_OP=0000
ALU_OP=0000
ALU_OP=0000
ALU_OP=0000
ALU_OP=0000
ALU_OP=0000
ALU_OP=0000
ALU_OP=0000
ALU_OP=0000
ALU_OP=0000
ALU_OP=0000
ALU_OP=0000
ALU_OP=0000
ALU_OP=0000
ALU_OP=0000
ALU_OP=0000
ALU_OP=0000
ALU_OP=0000
ALU_OP=0000
ALU_OP=0000
ALU_OP=0000
ALU_OP=0000
ALU_OP=0000
ALU_OP=0000
ALU_OP=0010
ALU_OP=0100
ALU_OP=0100
ALU_OP=0010
ALU_OP=0111
ALU_OP=0001
ALU_OP=0111
ALU_OP=0100
ALU_OP=0101
ALU_OP=0101
ALU_OP=0100
ALU_OP=0100
ALU_OP=0000
ALU_OP=0110
ALU_OP=0110
ALU_OP=0100
ALU_OP=0100
ALU_OP=0100
ALU_OP=0100
ALU_OP=0100
ALU_OP=0100
ALU_OP=0001
ALU_OP=0100
ALU_OP=0100
ALU_OP=0011
ALU_OP=0100
ALU_OP=0100
ALU_OP=0110
ALU_OP=0000
ALU_OP=0000
ALU_OP=0000
ALU_OP=0000
ALU_OP=0000
ALU_OP=0000
ALU_OP=0000
ALU_OP=0000
ALU_OP=0000
ALU_OP=0000
ALU_OP=0000
ALU_OP=0000
ALU_OP=0000
ALU_OP=0000
ALU_OP=0000
ALU_OP=0000
ALU_OP=0000
ALU_OP=0000
ALU_OP=0000
ALU_OP=0000
ALU_OP=0000
ALU_OP=0000
ALU_OP=0000
ALU_OP=0000
ALU_OP=0000
ALU_OP=0000
ALU_OP=0000
ALU_OP=0000
ALU_OP=0000
ALU_OP=0000
ALU_OP=0000
ALU_OP=0000
ALU_OP=0000
ALU_OP=0000
ALU_OP=0000
ALU_OP=0000
ALU_OP=0010
ALU_OP=0100
ALU_OP=0100
ALU_OP=0010
ALU_OP=0111
ALU_OP=0001
ALU_OP=0111
ALU_OP=0100
ALU_OP=0101
ALU_OP=0101
ALU_OP=0100
ALU_OP=0100
ALU_OP=0000
ALU_OP=0110
ALU_OP=0110
ALU_OP=0100
ALU_OP=0100
ALU_OP=0100
ALU_OP=0100
ALU_OP=0100
ALU_OP=0100
ALU_OP=0001
ALU_OP=0100
ALU_OP=0100
ALU_OP=0011
ALU_OP=0100
ALU_OP=0100
ALU_OP=0110
ALU_OP=0000
ALU_OP=0000
ALU_OP=0000
ALU_OP=0000
ALU_OP=0000
ALU_OP=0000
ALU_OP=0000
ALU_OP=0000
ALU_OP=0000
ALU_OP=0000
ALU_OP=0000
ALU_OP=0000
ALU_OP=0000
ALU_OP=0000
ALU_OP=0000
ALU_OP=0000
ALU_OP=0000
ALU_OP=0000
ALU_OP=0000
ALU_OP=0000
ALU_OP=0000
ALU_OP=0000
ALU_OP=0000
ALU_OP=0000
ALU_OP=0000
ALU_OP=0000
ALU_OP=0000
ALU_OP=0000
ALU_OP=0000
ALU_OP=0000
ALU_OP=0000
ALU_OP=0000
ALU_OP=0000
ALU_OP=0000
ALU_OP=0000
ALU_OP=0000
ALU_OP=0010
ALU_OP=0100
ALU_OP=0100
ALU_OP=0010
ALU_OP=0111
ALU_OP=0001
ALU_OP=0111
ALU_OP=0100
ALU_OP=0101
ALU_OP=0101
ALU_OP=0100
ALU_OP=0100
ALU_OP=0000
ALU_OP=0110
ALU_OP=0110
ALU_OP=0100
ALU_OP=0100
ALU_OP=0100
ALU_OP=0100
ALU_OP=0100
ALU_OP=0100
ALU_OP=0001
ALU_OP=0100
ALU_OP=0100
ALU_OP=0011
ALU_OP=0100
ALU_OP=0100
ALU_OP=0110
ALU_OP=0000
ALU_OP=0000
ALU_OP=0000
ALU_OP=0000
ALU_OP=0000
ALU_OP=0000
ALU_OP=0000
ALU_OP=0000
ALU_OP=0000
ALU_OP=0000
ALU_OP=0000
ALU_OP=0000
ALU_OP=0000
ALU_OP=0000
ALU_OP=0000
ALU_OP=0000
ALU_OP=0000
ALU_OP=0000
ALU_OP=0000
ALU_OP=0000
ALU_OP=0000
ALU_OP=0000
ALU_OP=0000
ALU_OP=0000
ALU_OP=0000
ALU_OP=0000
ALU_OP=0000
ALU_OP=0000
ALU_OP=0000
ALU_OP=0000
ALU_OP=0000
ALU_OP=0000
ALU_OP=0000
ALU_OP=0000
ALU_OP=0000
ALU_OP=0000
ALU_OP=0010
ALU_OP=0100
ALU_OP=0100
ALU_OP=0010
ALU_OP=0111
ALU_OP=0001
ALU_OP=0111
ALU_OP=0100
ALU_OP=0101
ALU_OP=0101
ALU_OP=0100
ALU_OP=0100
ALU_OP=0000
ALU_OP=0110
ALU_OP=0110
ALU_OP=0100
ALU_OP=0100
ALU_OP=0100
ALU_OP=0100
ALU_OP=0100
ALU_OP=0100
ALU_OP=0001
ALU_OP=0100
ALU_OP=0100
ALU_OP=0011
ALU_OP=0100
ALU_OP=0100
ALU_OP=0110
ALU_OP=0000
ALU_OP=0000
ALU_OP=0000
ALU_OP=0000
ALU_OP=0000
ALU_OP=0000
ALU_OP=0000
ALU_OP=0000
ALU_OP=0000
ALU_OP=0000
ALU_OP=0000
ALU_OP=0000
ALU_OP=0000
ALU_OP=0000
ALU_OP=0000
ALU_OP=0000
ALU_OP=0000
ALU_OP=0000
ALU_OP=0000
ALU_OP=0000
ALU_OP=0000
ALU_OP=0000
ALU_OP=0000
ALU_OP=0000
ALU_OP=0000
ALU_OP=0000
ALU_OP=0000
ALU_OP=0000
ALU_OP=0000
ALU_OP=0000
ALU_OP=0000
ALU_OP=0000
ALU_OP=0000
ALU_OP=0000
ALU_OP=0000
ALU_OP=0000
ALU_OP=0010
ALU_OP=0100
ALU_OP=0100
ALU_OP=0010
ALU_OP=0111
ALU_OP=0001
ALU_OP=0111
ALU_OP=0100
ALU_OP=0101
ALU_OP=0101
ALU_OP=0100
ALU_OP=0100
ALU_OP=0000
ALU_OP=0110
ALU_OP=0110
ALU_OP=0100
ALU_OP=0100
ALU_OP=0100
ALU_OP=0100
ALU_OP=0100
ALU_OP=0100
ALU_OP=0001
ALU_OP=0100
ALU_OP=0100
ALU_OP=0011
ALU_OP=0100
ALU_OP=0100
ALU_OP=0110
ALU_OP=0000
ALU_OP=0000
ALU_OP=0000
ALU_OP=0000
ALU_OP=0000
ALU_OP=0000
ALU_OP=0000
ALU_OP=0000
ALU_OP=0000
ALU_OP=0000
ALU_OP=0000
ALU_OP=0000
ALU_OP=0000
ALU_OP=0000
