Copyright 1986-2018 Xilinx, Inc. All Rights Reserved.
------------------------------------------------------------------------------------
| Tool Version : Vivado v.2018.3 (win64) Build 2405991 Thu Dec  6 23:38:27 MST 2018
| Date         : Wed Mar 19 14:27:13 2025
| Host         : DESKTOP-UGM1H7E running 64-bit major release  (build 9200)
| Command      : report_control_sets -verbose -file ALU_control_sets_placed.rpt
| Design       : ALU
| Device       : xc7a100t
------------------------------------------------------------------------------------

Control Set Information

Table of Contents
-----------------
1. Summary
2. Histogram
3. Flip-Flop Distribution
4. Detailed Control Set Information

1. Summary
----------

+----------------------------------------------------------+-------+
|                          Status                          | Count |
+----------------------------------------------------------+-------+
| Number of unique control sets                            |     7 |
| Unused register locations in slices containing registers |    17 |
+----------------------------------------------------------+-------+


2. Histogram
------------

+--------+--------------+
| Fanout | Control Sets |
+--------+--------------+
|      1 |            1 |
|      3 |            1 |
|      4 |            1 |
|     15 |            1 |
|    16+ |            3 |
+--------+--------------+


3. Flip-Flop Distribution
-------------------------

+--------------+-----------------------+------------------------+-----------------+--------------+
| Clock Enable | Synchronous Set/Reset | Asynchronous Set/Reset | Total Registers | Total Slices |
+--------------+-----------------------+------------------------+-----------------+--------------+
| No           | No                    | No                     |             119 |           66 |
| No           | No                    | Yes                    |               0 |            0 |
| No           | Yes                   | No                     |               0 |            0 |
| Yes          | No                    | No                     |               0 |            0 |
| Yes          | No                    | Yes                    |               0 |            0 |
| Yes          | Yes                   | No                     |               0 |            0 |
+--------------+-----------------------+------------------------+-----------------+--------------+


4. Detailed Control Set Information
-----------------------------------

+------------------------+---------------+------------------+------------------+----------------+
|      Clock Signal      | Enable Signal | Set/Reset Signal | Slice Load Count | Bel Load Count |
+------------------------+---------------+------------------+------------------+----------------+
|  i_val/ALU_OP_reg[0]_0 |               |                  |                1 |              1 |
| ~clk_IBUF_BUFG         |               |                  |                1 |              3 |
|  key3_IBUF_BUFG        |               |                  |                4 |              4 |
|  clk_IBUF_BUFG         |               |                  |                4 |             15 |
|  key2_IBUF_BUFG        |               |                  |               18 |             32 |
|  key1_IBUF_BUFG        |               |                  |               19 |             32 |
|  n_0_165_BUFG          |               |                  |               19 |             32 |
+------------------------+---------------+------------------+------------------+----------------+


