
*** Running vivado
    with args -log CPU.vds -m64 -product Vivado -mode batch -messageDb vivado.pb -notrace -source CPU.tcl


****** Vivado v2018.3 (64-bit)
  **** SW Build 2405991 on Thu Dec  6 23:38:27 MST 2018
  **** IP Build 2404404 on Fri Dec  7 01:43:56 MST 2018
    ** Copyright 1986-2018 Xilinx, Inc. All Rights Reserved.

source CPU.tcl -notrace
Command: synth_design -top CPU -part xc7a100tfgg484-2L
Starting synth_design
Attempting to get a license for feature 'Synthesis' and/or device 'xc7a100t'
INFO: [Common 17-349] Got license for feature 'Synthesis' and/or device 'xc7a100t'
INFO: Launching helper process for spawning children vivado processes
INFO: Helper process launched with PID 10856 
---------------------------------------------------------------------------------
Starting RTL Elaboration : Time (s): cpu = 00:00:02 ; elapsed = 00:00:02 . Memory (MB): peak = 397.023 ; gain = 101.484
---------------------------------------------------------------------------------
INFO: [Synth 8-6157] synthesizing module 'CPU' [D:/VivadoProject/project_13/project_13.srcs/sources_1/new/CPU.v:23]
INFO: [Synth 8-6157] synthesizing module 'PC' [D:/VivadoProject/project_13/project_13.srcs/sources_1/new/PC.v:3]
INFO: [Synth 8-6157] synthesizing module 'Inst_ROM' [D:/VivadoProject/project_13/project_13.runs/synth_1/.Xil/Vivado-14168-AuraLios_Laptop/realtime/Inst_ROM_stub.v:6]
INFO: [Synth 8-6155] done synthesizing module 'Inst_ROM' (1#1) [D:/VivadoProject/project_13/project_13.runs/synth_1/.Xil/Vivado-14168-AuraLios_Laptop/realtime/Inst_ROM_stub.v:6]
WARNING: [Synth 8-350] instance 'rom' of module 'Inst_ROM' requires 5 connections, but only 3 given [D:/VivadoProject/project_13/project_13.srcs/sources_1/new/PC.v:28]
INFO: [Synth 8-6155] done synthesizing module 'PC' (2#1) [D:/VivadoProject/project_13/project_13.srcs/sources_1/new/PC.v:3]
INFO: [Synth 8-6157] synthesizing module 'OP_Func' [D:/VivadoProject/project_13/project_13.srcs/sources_1/new/OP_Func.v:23]
INFO: [Synth 8-155] case statement is not full and has no default [D:/VivadoProject/project_13/project_13.srcs/sources_1/new/OP_Func.v:51]
INFO: [Synth 8-155] case statement is not full and has no default [D:/VivadoProject/project_13/project_13.srcs/sources_1/new/OP_Func.v:65]
INFO: [Synth 8-6155] done synthesizing module 'OP_Func' (3#1) [D:/VivadoProject/project_13/project_13.srcs/sources_1/new/OP_Func.v:23]
INFO: [Synth 8-6157] synthesizing module 'REGS_ALU' [D:/VivadoProject/project_13/project_13.srcs/sources_1/new/REGS_ALU.v:1]
INFO: [Synth 8-6157] synthesizing module 'REGS' [D:/VivadoProject/project_13/project_13.srcs/sources_1/new/REGS.v:2]
INFO: [Synth 8-6155] done synthesizing module 'REGS' (4#1) [D:/VivadoProject/project_13/project_13.srcs/sources_1/new/REGS.v:2]
INFO: [Synth 8-6157] synthesizing module 'ALU' [D:/VivadoProject/project_13/project_13.srcs/sources_1/new/ALU.v:23]
INFO: [Synth 8-155] case statement is not full and has no default [D:/VivadoProject/project_13/project_13.srcs/sources_1/new/ALU.v:36]
INFO: [Synth 8-6155] done synthesizing module 'ALU' (5#1) [D:/VivadoProject/project_13/project_13.srcs/sources_1/new/ALU.v:23]
INFO: [Synth 8-6155] done synthesizing module 'REGS_ALU' (6#1) [D:/VivadoProject/project_13/project_13.srcs/sources_1/new/REGS_ALU.v:1]
INFO: [Synth 8-6157] synthesizing module 'RAM' [D:/VivadoProject/project_13/project_13.runs/synth_1/.Xil/Vivado-14168-AuraLios_Laptop/realtime/RAM_stub.v:6]
INFO: [Synth 8-6155] done synthesizing module 'RAM' (7#1) [D:/VivadoProject/project_13/project_13.runs/synth_1/.Xil/Vivado-14168-AuraLios_Laptop/realtime/RAM_stub.v:6]
INFO: [Synth 8-6157] synthesizing module 'Display' [D:/VivadoProject/project_13/project_13.srcs/sources_1/new/Display.v:23]
INFO: [Synth 8-6155] done synthesizing module 'Display' (8#1) [D:/VivadoProject/project_13/project_13.srcs/sources_1/new/Display.v:23]
WARNING: [Synth 8-3848] Net address in module/entity CPU does not have driver. [D:/VivadoProject/project_13/project_13.srcs/sources_1/new/CPU.v:72]
INFO: [Synth 8-6155] done synthesizing module 'CPU' (9#1) [D:/VivadoProject/project_13/project_13.srcs/sources_1/new/CPU.v:23]
WARNING: [Synth 8-3331] design ALU has unconnected port clk
WARNING: [Synth 8-3331] design OP_Func has unconnected port clk
WARNING: [Synth 8-3331] design PC has unconnected port mclk
---------------------------------------------------------------------------------
Finished RTL Elaboration : Time (s): cpu = 00:00:02 ; elapsed = 00:00:02 . Memory (MB): peak = 453.121 ; gain = 157.582
---------------------------------------------------------------------------------

Report Check Netlist: 
+------+------------------+-------+---------+-------+------------------+
|      |Item              |Errors |Warnings |Status |Description       |
+------+------------------+-------+---------+-------+------------------+
|1     |multi_driven_nets |      0|        0|Passed |Multi driven nets |
+------+------------------+-------+---------+-------+------------------+
WARNING: [Synth 8-3295] tying undriven pin PC_init:address[25] to constant 0 [D:/VivadoProject/project_13/project_13.srcs/sources_1/new/CPU.v:79]
WARNING: [Synth 8-3295] tying undriven pin PC_init:address[24] to constant 0 [D:/VivadoProject/project_13/project_13.srcs/sources_1/new/CPU.v:79]
WARNING: [Synth 8-3295] tying undriven pin PC_init:address[23] to constant 0 [D:/VivadoProject/project_13/project_13.srcs/sources_1/new/CPU.v:79]
WARNING: [Synth 8-3295] tying undriven pin PC_init:address[22] to constant 0 [D:/VivadoProject/project_13/project_13.srcs/sources_1/new/CPU.v:79]
WARNING: [Synth 8-3295] tying undriven pin PC_init:address[21] to constant 0 [D:/VivadoProject/project_13/project_13.srcs/sources_1/new/CPU.v:79]
WARNING: [Synth 8-3295] tying undriven pin PC_init:address[20] to constant 0 [D:/VivadoProject/project_13/project_13.srcs/sources_1/new/CPU.v:79]
WARNING: [Synth 8-3295] tying undriven pin PC_init:address[19] to constant 0 [D:/VivadoProject/project_13/project_13.srcs/sources_1/new/CPU.v:79]
WARNING: [Synth 8-3295] tying undriven pin PC_init:address[18] to constant 0 [D:/VivadoProject/project_13/project_13.srcs/sources_1/new/CPU.v:79]
WARNING: [Synth 8-3295] tying undriven pin PC_init:address[17] to constant 0 [D:/VivadoProject/project_13/project_13.srcs/sources_1/new/CPU.v:79]
WARNING: [Synth 8-3295] tying undriven pin PC_init:address[16] to constant 0 [D:/VivadoProject/project_13/project_13.srcs/sources_1/new/CPU.v:79]
WARNING: [Synth 8-3295] tying undriven pin PC_init:address[15] to constant 0 [D:/VivadoProject/project_13/project_13.srcs/sources_1/new/CPU.v:79]
WARNING: [Synth 8-3295] tying undriven pin PC_init:address[14] to constant 0 [D:/VivadoProject/project_13/project_13.srcs/sources_1/new/CPU.v:79]
WARNING: [Synth 8-3295] tying undriven pin PC_init:address[13] to constant 0 [D:/VivadoProject/project_13/project_13.srcs/sources_1/new/CPU.v:79]
WARNING: [Synth 8-3295] tying undriven pin PC_init:address[12] to constant 0 [D:/VivadoProject/project_13/project_13.srcs/sources_1/new/CPU.v:79]
WARNING: [Synth 8-3295] tying undriven pin PC_init:address[11] to constant 0 [D:/VivadoProject/project_13/project_13.srcs/sources_1/new/CPU.v:79]
WARNING: [Synth 8-3295] tying undriven pin PC_init:address[10] to constant 0 [D:/VivadoProject/project_13/project_13.srcs/sources_1/new/CPU.v:79]
WARNING: [Synth 8-3295] tying undriven pin PC_init:address[9] to constant 0 [D:/VivadoProject/project_13/project_13.srcs/sources_1/new/CPU.v:79]
WARNING: [Synth 8-3295] tying undriven pin PC_init:address[8] to constant 0 [D:/VivadoProject/project_13/project_13.srcs/sources_1/new/CPU.v:79]
WARNING: [Synth 8-3295] tying undriven pin PC_init:address[7] to constant 0 [D:/VivadoProject/project_13/project_13.srcs/sources_1/new/CPU.v:79]
WARNING: [Synth 8-3295] tying undriven pin PC_init:address[6] to constant 0 [D:/VivadoProject/project_13/project_13.srcs/sources_1/new/CPU.v:79]
WARNING: [Synth 8-3295] tying undriven pin PC_init:address[5] to constant 0 [D:/VivadoProject/project_13/project_13.srcs/sources_1/new/CPU.v:79]
WARNING: [Synth 8-3295] tying undriven pin PC_init:address[4] to constant 0 [D:/VivadoProject/project_13/project_13.srcs/sources_1/new/CPU.v:79]
WARNING: [Synth 8-3295] tying undriven pin PC_init:address[3] to constant 0 [D:/VivadoProject/project_13/project_13.srcs/sources_1/new/CPU.v:79]
WARNING: [Synth 8-3295] tying undriven pin PC_init:address[2] to constant 0 [D:/VivadoProject/project_13/project_13.srcs/sources_1/new/CPU.v:79]
WARNING: [Synth 8-3295] tying undriven pin PC_init:address[1] to constant 0 [D:/VivadoProject/project_13/project_13.srcs/sources_1/new/CPU.v:79]
WARNING: [Synth 8-3295] tying undriven pin PC_init:address[0] to constant 0 [D:/VivadoProject/project_13/project_13.srcs/sources_1/new/CPU.v:79]
---------------------------------------------------------------------------------
Start Handling Custom Attributes
---------------------------------------------------------------------------------
---------------------------------------------------------------------------------
Finished Handling Custom Attributes : Time (s): cpu = 00:00:02 ; elapsed = 00:00:02 . Memory (MB): peak = 453.121 ; gain = 157.582
---------------------------------------------------------------------------------
---------------------------------------------------------------------------------
Finished RTL Optimization Phase 1 : Time (s): cpu = 00:00:02 ; elapsed = 00:00:02 . Memory (MB): peak = 453.121 ; gain = 157.582
---------------------------------------------------------------------------------
INFO: [Device 21-403] Loading part xc7a100tfgg484-2L
INFO: [Project 1-570] Preparing netlist for logic optimization

Processing XDC Constraints
Initializing timing engine
Parsing XDC File [d:/VivadoProject/project_13/project_13.srcs/sources_1/ip/RAM/RAM/dist_mem_gen_0_in_context.xdc] for cell 'RAM_init'
Finished Parsing XDC File [d:/VivadoProject/project_13/project_13.srcs/sources_1/ip/RAM/RAM/dist_mem_gen_0_in_context.xdc] for cell 'RAM_init'
Parsing XDC File [d:/VivadoProject/project_13/project_13.srcs/sources_1/ip/Inst_ROM/Inst_ROM/Inst_ROM_in_context.xdc] for cell 'PC_init/rom'
Finished Parsing XDC File [d:/VivadoProject/project_13/project_13.srcs/sources_1/ip/Inst_ROM/Inst_ROM/Inst_ROM_in_context.xdc] for cell 'PC_init/rom'
Parsing XDC File [D:/VivadoProject/project_13/project_13.srcs/constrs_1/new/board.xdc]
Finished Parsing XDC File [D:/VivadoProject/project_13/project_13.srcs/constrs_1/new/board.xdc]
INFO: [Project 1-236] Implementation specific constraints were found while reading constraint file [D:/VivadoProject/project_13/project_13.srcs/constrs_1/new/board.xdc]. These constraints will be ignored for synthesis but will be used in implementation. Impacted constraints are listed in the file [.Xil/CPU_propImpl.xdc].
Resolution: To avoid this warning, move constraints listed in [.Xil/CPU_propImpl.xdc] to another XDC file and exclude this new file from synthesis with the used_in_synthesis property (File Properties dialog in GUI) and re-run elaboration/synthesis.
Parsing XDC File [D:/VivadoProject/project_13/project_13.runs/synth_1/dont_touch.xdc]
Finished Parsing XDC File [D:/VivadoProject/project_13/project_13.runs/synth_1/dont_touch.xdc]
Netlist sorting complete. Time (s): cpu = 00:00:00 ; elapsed = 00:00:00 . Memory (MB): peak = 805.621 ; gain = 0.000
Completed Processing XDC Constraints

Netlist sorting complete. Time (s): cpu = 00:00:00 ; elapsed = 00:00:00 . Memory (MB): peak = 805.672 ; gain = 0.000
INFO: [Project 1-111] Unisim Transformation Summary:
No Unisim elements were transformed.

Netlist sorting complete. Time (s): cpu = 00:00:00 ; elapsed = 00:00:00.001 . Memory (MB): peak = 805.672 ; gain = 0.000
Constraint Validation Runtime : Time (s): cpu = 00:00:00 ; elapsed = 00:00:00.004 . Memory (MB): peak = 805.672 ; gain = 0.000
WARNING: [Timing 38-316] Clock period '20.000' specified during out-of-context synthesis of instance 'PC_init/rom' at clock pin 'clka' is different from the actual clock period '10.000', this can lead to different synthesis results.
---------------------------------------------------------------------------------
Finished Constraint Validation : Time (s): cpu = 00:00:08 ; elapsed = 00:00:09 . Memory (MB): peak = 806.750 ; gain = 511.211
---------------------------------------------------------------------------------
---------------------------------------------------------------------------------
Start Loading Part and Timing Information
---------------------------------------------------------------------------------
Loading part: xc7a100tfgg484-2L
---------------------------------------------------------------------------------
Finished Loading Part and Timing Information : Time (s): cpu = 00:00:08 ; elapsed = 00:00:09 . Memory (MB): peak = 806.750 ; gain = 511.211
---------------------------------------------------------------------------------
---------------------------------------------------------------------------------
Start Applying 'set_property' XDC Constraints
---------------------------------------------------------------------------------
Applied set_property DONT_TOUCH = true for RAM_init. (constraint file  auto generated constraint, line ).
Applied set_property DONT_TOUCH = true for PC_init/rom. (constraint file  auto generated constraint, line ).
---------------------------------------------------------------------------------
Finished applying 'set_property' XDC Constraints : Time (s): cpu = 00:00:08 ; elapsed = 00:00:09 . Memory (MB): peak = 806.750 ; gain = 511.211
---------------------------------------------------------------------------------
INFO: [Synth 8-5546] ROM "Write_Reg" won't be mapped to RAM because it is too sparse
INFO: [Synth 8-5587] ROM size for "ALU_OP" is below threshold of ROM address width. It will be mapped to LUTs
INFO: [Synth 8-5546] ROM "PC_s" won't be mapped to RAM because it is too sparse
INFO: [Synth 8-5546] ROM "REG_Files_reg[0]" won't be mapped to RAM because it is too sparse
INFO: [Synth 8-5546] ROM "REG_Files_reg[1]" won't be mapped to RAM because it is too sparse
INFO: [Synth 8-5546] ROM "REG_Files_reg[2]" won't be mapped to RAM because it is too sparse
INFO: [Synth 8-5546] ROM "REG_Files_reg[3]" won't be mapped to RAM because it is too sparse
INFO: [Synth 8-5546] ROM "REG_Files_reg[4]" won't be mapped to RAM because it is too sparse
INFO: [Synth 8-5546] ROM "REG_Files_reg[5]" won't be mapped to RAM because it is too sparse
INFO: [Synth 8-5546] ROM "REG_Files_reg[6]" won't be mapped to RAM because it is too sparse
INFO: [Synth 8-5546] ROM "REG_Files_reg[7]" won't be mapped to RAM because it is too sparse
INFO: [Synth 8-5546] ROM "REG_Files_reg[8]" won't be mapped to RAM because it is too sparse
INFO: [Synth 8-5546] ROM "REG_Files_reg[9]" won't be mapped to RAM because it is too sparse
INFO: [Synth 8-5546] ROM "REG_Files_reg[10]" won't be mapped to RAM because it is too sparse
INFO: [Synth 8-5546] ROM "REG_Files_reg[11]" won't be mapped to RAM because it is too sparse
INFO: [Synth 8-5546] ROM "REG_Files_reg[12]" won't be mapped to RAM because it is too sparse
INFO: [Synth 8-5546] ROM "REG_Files_reg[13]" won't be mapped to RAM because it is too sparse
INFO: [Synth 8-5546] ROM "REG_Files_reg[14]" won't be mapped to RAM because it is too sparse
INFO: [Synth 8-5546] ROM "REG_Files_reg[15]" won't be mapped to RAM because it is too sparse
INFO: [Synth 8-5546] ROM "REG_Files_reg[16]" won't be mapped to RAM because it is too sparse
INFO: [Synth 8-5546] ROM "REG_Files_reg[17]" won't be mapped to RAM because it is too sparse
INFO: [Synth 8-5546] ROM "REG_Files_reg[18]" won't be mapped to RAM because it is too sparse
INFO: [Synth 8-5546] ROM "REG_Files_reg[19]" won't be mapped to RAM because it is too sparse
INFO: [Synth 8-5546] ROM "REG_Files_reg[20]" won't be mapped to RAM because it is too sparse
INFO: [Synth 8-5546] ROM "REG_Files_reg[21]" won't be mapped to RAM because it is too sparse
INFO: [Synth 8-5546] ROM "REG_Files_reg[22]" won't be mapped to RAM because it is too sparse
INFO: [Synth 8-5546] ROM "REG_Files_reg[23]" won't be mapped to RAM because it is too sparse
INFO: [Synth 8-5546] ROM "REG_Files_reg[24]" won't be mapped to RAM because it is too sparse
INFO: [Synth 8-5546] ROM "REG_Files_reg[25]" won't be mapped to RAM because it is too sparse
INFO: [Synth 8-5546] ROM "REG_Files_reg[26]" won't be mapped to RAM because it is too sparse
INFO: [Synth 8-5546] ROM "REG_Files_reg[27]" won't be mapped to RAM because it is too sparse
INFO: [Synth 8-5546] ROM "REG_Files_reg[28]" won't be mapped to RAM because it is too sparse
INFO: [Synth 8-5546] ROM "REG_Files_reg[29]" won't be mapped to RAM because it is too sparse
INFO: [Synth 8-5546] ROM "REG_Files_reg[30]" won't be mapped to RAM because it is too sparse
INFO: [Synth 8-5546] ROM "REG_Files_reg[31]" won't be mapped to RAM because it is too sparse
INFO: [Synth 8-5545] ROM "ZF" won't be mapped to RAM because address size (32) is larger than maximum supported(25)
WARNING: [Synth 8-327] inferring latch for variable 'F_reg' [D:/VivadoProject/project_13/project_13.srcs/sources_1/new/ALU.v:37]
WARNING: [Synth 8-327] inferring latch for variable 'C32_reg' [D:/VivadoProject/project_13/project_13.srcs/sources_1/new/ALU.v:41]
---------------------------------------------------------------------------------
Finished RTL Optimization Phase 2 : Time (s): cpu = 00:00:08 ; elapsed = 00:00:09 . Memory (MB): peak = 806.750 ; gain = 511.211
---------------------------------------------------------------------------------

Report RTL Partitions: 
+-+--------------+------------+----------+
| |RTL Partition |Replication |Instances |
+-+--------------+------------+----------+
+-+--------------+------------+----------+
---------------------------------------------------------------------------------
Start RTL Component Statistics 
---------------------------------------------------------------------------------
Detailed RTL Component Info : 
+---Adders : 
	   2 Input     33 Bit       Adders := 1     
	   3 Input     33 Bit       Adders := 1     
	   2 Input     32 Bit       Adders := 2     
	   2 Input      3 Bit       Adders := 2     
+---XORs : 
	   2 Input     32 Bit         XORs := 1     
	   4 Input      1 Bit         XORs := 1     
+---Registers : 
	               32 Bit    Registers := 35    
	                3 Bit    Registers := 2     
+---Muxes : 
	   4 Input     32 Bit        Muxes := 1     
	   2 Input     32 Bit        Muxes := 7     
	   2 Input      5 Bit        Muxes := 2     
	   8 Input      3 Bit        Muxes := 1     
	  10 Input      3 Bit        Muxes := 1     
	  12 Input      3 Bit        Muxes := 1     
	  12 Input      2 Bit        Muxes := 4     
	   2 Input      2 Bit        Muxes := 1     
	  10 Input      1 Bit        Muxes := 2     
	   3 Input      1 Bit        Muxes := 1     
	  12 Input      1 Bit        Muxes := 3     
	   2 Input      1 Bit        Muxes := 39    
	   8 Input      1 Bit        Muxes := 3     
---------------------------------------------------------------------------------
Finished RTL Component Statistics 
---------------------------------------------------------------------------------
---------------------------------------------------------------------------------
Start RTL Hierarchical Component Statistics 
---------------------------------------------------------------------------------
Hierarchical RTL Component report 
Module CPU 
Detailed RTL Component Info : 
+---Registers : 
	               32 Bit    Registers := 1     
+---Muxes : 
	   2 Input     32 Bit        Muxes := 6     
	   2 Input      5 Bit        Muxes := 2     
	   2 Input      1 Bit        Muxes := 3     
Module PC 
Detailed RTL Component Info : 
+---Adders : 
	   2 Input     32 Bit       Adders := 2     
+---Registers : 
	               32 Bit    Registers := 2     
+---Muxes : 
	   4 Input     32 Bit        Muxes := 1     
Module OP_Func 
Detailed RTL Component Info : 
+---Muxes : 
	   8 Input      3 Bit        Muxes := 1     
	  10 Input      3 Bit        Muxes := 1     
	  12 Input      3 Bit        Muxes := 1     
	  12 Input      2 Bit        Muxes := 4     
	   2 Input      2 Bit        Muxes := 1     
	  10 Input      1 Bit        Muxes := 2     
	   3 Input      1 Bit        Muxes := 1     
	  12 Input      1 Bit        Muxes := 3     
Module REGS 
Detailed RTL Component Info : 
+---Registers : 
	               32 Bit    Registers := 32    
+---Muxes : 
	   2 Input      1 Bit        Muxes := 32    
Module ALU 
Detailed RTL Component Info : 
+---Adders : 
	   2 Input     33 Bit       Adders := 1     
	   3 Input     33 Bit       Adders := 1     
+---XORs : 
	   2 Input     32 Bit         XORs := 1     
	   4 Input      1 Bit         XORs := 1     
+---Muxes : 
	   2 Input      1 Bit        Muxes := 4     
	   8 Input      1 Bit        Muxes := 3     
Module REGS_ALU 
Detailed RTL Component Info : 
+---Muxes : 
	   2 Input     32 Bit        Muxes := 1     
Module Display 
Detailed RTL Component Info : 
+---Adders : 
	   2 Input      3 Bit       Adders := 2     
+---Registers : 
	                3 Bit    Registers := 2     
---------------------------------------------------------------------------------
Finished RTL Hierarchical Component Statistics
---------------------------------------------------------------------------------
---------------------------------------------------------------------------------
Start Part Resource Summary
---------------------------------------------------------------------------------
Part Resources:
DSPs: 240 (col length:80)
BRAMs: 270 (col length: RAMB18 80 RAMB36 40)
---------------------------------------------------------------------------------
Finished Part Resource Summary
---------------------------------------------------------------------------------
---------------------------------------------------------------------------------
Start Cross Boundary and Area Optimization
---------------------------------------------------------------------------------
Warning: Parallel synthesis criteria is not met 
INFO: [Synth 8-5587] ROM size for "OP_Func_init/ALU_OP" is below threshold of ROM address width. It will be mapped to LUTs
INFO: [Synth 8-5545] ROM "REGS_ALU_init/ALU_init/ZF" won't be mapped to RAM because address size (32) is larger than maximum supported(25)
WARNING: [Synth 8-3917] design CPU has port enable driven by constant 1
WARNING: [Synth 8-3332] Sequential element (REGS_ALU_init/ALU_init/F_reg[31]) is unused and will be removed from module CPU.
WARNING: [Synth 8-3332] Sequential element (REGS_ALU_init/ALU_init/F_reg[30]) is unused and will be removed from module CPU.
WARNING: [Synth 8-3332] Sequential element (REGS_ALU_init/ALU_init/F_reg[29]) is unused and will be removed from module CPU.
WARNING: [Synth 8-3332] Sequential element (REGS_ALU_init/ALU_init/F_reg[28]) is unused and will be removed from module CPU.
WARNING: [Synth 8-3332] Sequential element (REGS_ALU_init/ALU_init/F_reg[27]) is unused and will be removed from module CPU.
WARNING: [Synth 8-3332] Sequential element (REGS_ALU_init/ALU_init/F_reg[26]) is unused and will be removed from module CPU.
WARNING: [Synth 8-3332] Sequential element (REGS_ALU_init/ALU_init/F_reg[25]) is unused and will be removed from module CPU.
WARNING: [Synth 8-3332] Sequential element (REGS_ALU_init/ALU_init/F_reg[24]) is unused and will be removed from module CPU.
WARNING: [Synth 8-3332] Sequential element (REGS_ALU_init/ALU_init/F_reg[23]) is unused and will be removed from module CPU.
WARNING: [Synth 8-3332] Sequential element (REGS_ALU_init/ALU_init/F_reg[22]) is unused and will be removed from module CPU.
WARNING: [Synth 8-3332] Sequential element (REGS_ALU_init/ALU_init/F_reg[21]) is unused and will be removed from module CPU.
WARNING: [Synth 8-3332] Sequential element (REGS_ALU_init/ALU_init/F_reg[20]) is unused and will be removed from module CPU.
WARNING: [Synth 8-3332] Sequential element (REGS_ALU_init/ALU_init/F_reg[19]) is unused and will be removed from module CPU.
WARNING: [Synth 8-3332] Sequential element (REGS_ALU_init/ALU_init/F_reg[18]) is unused and will be removed from module CPU.
WARNING: [Synth 8-3332] Sequential element (REGS_ALU_init/ALU_init/F_reg[17]) is unused and will be removed from module CPU.
WARNING: [Synth 8-3332] Sequential element (REGS_ALU_init/ALU_init/F_reg[16]) is unused and will be removed from module CPU.
WARNING: [Synth 8-3332] Sequential element (REGS_ALU_init/ALU_init/F_reg[15]) is unused and will be removed from module CPU.
WARNING: [Synth 8-3332] Sequential element (REGS_ALU_init/ALU_init/F_reg[14]) is unused and will be removed from module CPU.
WARNING: [Synth 8-3332] Sequential element (REGS_ALU_init/ALU_init/F_reg[13]) is unused and will be removed from module CPU.
WARNING: [Synth 8-3332] Sequential element (REGS_ALU_init/ALU_init/F_reg[12]) is unused and will be removed from module CPU.
WARNING: [Synth 8-3332] Sequential element (REGS_ALU_init/ALU_init/F_reg[11]) is unused and will be removed from module CPU.
WARNING: [Synth 8-3332] Sequential element (REGS_ALU_init/ALU_init/F_reg[10]) is unused and will be removed from module CPU.
WARNING: [Synth 8-3332] Sequential element (REGS_ALU_init/ALU_init/F_reg[9]) is unused and will be removed from module CPU.
WARNING: [Synth 8-3332] Sequential element (REGS_ALU_init/ALU_init/F_reg[8]) is unused and will be removed from module CPU.
WARNING: [Synth 8-3332] Sequential element (REGS_ALU_init/ALU_init/F_reg[7]) is unused and will be removed from module CPU.
WARNING: [Synth 8-3332] Sequential element (REGS_ALU_init/ALU_init/F_reg[6]) is unused and will be removed from module CPU.
WARNING: [Synth 8-3332] Sequential element (REGS_ALU_init/ALU_init/F_reg[5]) is unused and will be removed from module CPU.
WARNING: [Synth 8-3332] Sequential element (REGS_ALU_init/ALU_init/F_reg[4]) is unused and will be removed from module CPU.
WARNING: [Synth 8-3332] Sequential element (REGS_ALU_init/ALU_init/F_reg[3]) is unused and will be removed from module CPU.
WARNING: [Synth 8-3332] Sequential element (REGS_ALU_init/ALU_init/F_reg[2]) is unused and will be removed from module CPU.
WARNING: [Synth 8-3332] Sequential element (REGS_ALU_init/ALU_init/F_reg[1]) is unused and will be removed from module CPU.
WARNING: [Synth 8-3332] Sequential element (REGS_ALU_init/ALU_init/F_reg[0]) is unused and will be removed from module CPU.
---------------------------------------------------------------------------------
Finished Cross Boundary and Area Optimization : Time (s): cpu = 00:00:26 ; elapsed = 00:00:28 . Memory (MB): peak = 806.750 ; gain = 511.211
---------------------------------------------------------------------------------

Report RTL Partitions: 
+-+--------------+------------+----------+
| |RTL Partition |Replication |Instances |
+-+--------------+------------+----------+
+-+--------------+------------+----------+
---------------------------------------------------------------------------------
Start Applying XDC Timing Constraints
---------------------------------------------------------------------------------
---------------------------------------------------------------------------------
Finished Applying XDC Timing Constraints : Time (s): cpu = 00:00:31 ; elapsed = 00:00:34 . Memory (MB): peak = 806.750 ; gain = 511.211
---------------------------------------------------------------------------------
---------------------------------------------------------------------------------
Start Timing Optimization
---------------------------------------------------------------------------------
---------------------------------------------------------------------------------
Finished Timing Optimization : Time (s): cpu = 00:00:45 ; elapsed = 00:00:47 . Memory (MB): peak = 914.102 ; gain = 618.562
---------------------------------------------------------------------------------

Report RTL Partitions: 
+-+--------------+------------+----------+
| |RTL Partition |Replication |Instances |
+-+--------------+------------+----------+
+-+--------------+------------+----------+
---------------------------------------------------------------------------------
Start Technology Mapping
---------------------------------------------------------------------------------
---------------------------------------------------------------------------------
Finished Technology Mapping : Time (s): cpu = 00:00:49 ; elapsed = 00:00:52 . Memory (MB): peak = 914.102 ; gain = 618.562
---------------------------------------------------------------------------------

Report RTL Partitions: 
+-+--------------+------------+----------+
| |RTL Partition |Replication |Instances |
+-+--------------+------------+----------+
+-+--------------+------------+----------+
---------------------------------------------------------------------------------
Start IO Insertion
---------------------------------------------------------------------------------
---------------------------------------------------------------------------------
Start Flattening Before IO Insertion
---------------------------------------------------------------------------------
---------------------------------------------------------------------------------
Finished Flattening Before IO Insertion
---------------------------------------------------------------------------------
---------------------------------------------------------------------------------
Start Final Netlist Cleanup
---------------------------------------------------------------------------------
---------------------------------------------------------------------------------
Finished Final Netlist Cleanup
---------------------------------------------------------------------------------
CRITICAL WARNING: [Synth 8-4442] BlackBox module \PC_init/rom  has unconnected pin wea[0]
CRITICAL WARNING: [Synth 8-4442] BlackBox module \PC_init/rom  has unconnected pin dina[31]
CRITICAL WARNING: [Synth 8-4442] BlackBox module \PC_init/rom  has unconnected pin dina[30]
CRITICAL WARNING: [Synth 8-4442] BlackBox module \PC_init/rom  has unconnected pin dina[29]
CRITICAL WARNING: [Synth 8-4442] BlackBox module \PC_init/rom  has unconnected pin dina[28]
CRITICAL WARNING: [Synth 8-4442] BlackBox module \PC_init/rom  has unconnected pin dina[27]
CRITICAL WARNING: [Synth 8-4442] BlackBox module \PC_init/rom  has unconnected pin dina[26]
CRITICAL WARNING: [Synth 8-4442] BlackBox module \PC_init/rom  has unconnected pin dina[25]
CRITICAL WARNING: [Synth 8-4442] BlackBox module \PC_init/rom  has unconnected pin dina[24]
CRITICAL WARNING: [Synth 8-4442] BlackBox module \PC_init/rom  has unconnected pin dina[23]
CRITICAL WARNING: [Synth 8-4442] BlackBox module \PC_init/rom  has unconnected pin dina[22]
CRITICAL WARNING: [Synth 8-4442] BlackBox module \PC_init/rom  has unconnected pin dina[21]
CRITICAL WARNING: [Synth 8-4442] BlackBox module \PC_init/rom  has unconnected pin dina[20]
CRITICAL WARNING: [Synth 8-4442] BlackBox module \PC_init/rom  has unconnected pin dina[19]
CRITICAL WARNING: [Synth 8-4442] BlackBox module \PC_init/rom  has unconnected pin dina[18]
CRITICAL WARNING: [Synth 8-4442] BlackBox module \PC_init/rom  has unconnected pin dina[17]
CRITICAL WARNING: [Synth 8-4442] BlackBox module \PC_init/rom  has unconnected pin dina[16]
CRITICAL WARNING: [Synth 8-4442] BlackBox module \PC_init/rom  has unconnected pin dina[15]
CRITICAL WARNING: [Synth 8-4442] BlackBox module \PC_init/rom  has unconnected pin dina[14]
CRITICAL WARNING: [Synth 8-4442] BlackBox module \PC_init/rom  has unconnected pin dina[13]
CRITICAL WARNING: [Synth 8-4442] BlackBox module \PC_init/rom  has unconnected pin dina[12]
CRITICAL WARNING: [Synth 8-4442] BlackBox module \PC_init/rom  has unconnected pin dina[11]
CRITICAL WARNING: [Synth 8-4442] BlackBox module \PC_init/rom  has unconnected pin dina[10]
CRITICAL WARNING: [Synth 8-4442] BlackBox module \PC_init/rom  has unconnected pin dina[9]
CRITICAL WARNING: [Synth 8-4442] BlackBox module \PC_init/rom  has unconnected pin dina[8]
CRITICAL WARNING: [Synth 8-4442] BlackBox module \PC_init/rom  has unconnected pin dina[7]
CRITICAL WARNING: [Synth 8-4442] BlackBox module \PC_init/rom  has unconnected pin dina[6]
CRITICAL WARNING: [Synth 8-4442] BlackBox module \PC_init/rom  has unconnected pin dina[5]
CRITICAL WARNING: [Synth 8-4442] BlackBox module \PC_init/rom  has unconnected pin dina[4]
CRITICAL WARNING: [Synth 8-4442] BlackBox module \PC_init/rom  has unconnected pin dina[3]
CRITICAL WARNING: [Synth 8-4442] BlackBox module \PC_init/rom  has unconnected pin dina[2]
CRITICAL WARNING: [Synth 8-4442] BlackBox module \PC_init/rom  has unconnected pin dina[1]
CRITICAL WARNING: [Synth 8-4442] BlackBox module \PC_init/rom  has unconnected pin dina[0]
---------------------------------------------------------------------------------
Finished IO Insertion : Time (s): cpu = 00:00:50 ; elapsed = 00:00:52 . Memory (MB): peak = 914.102 ; gain = 618.562
---------------------------------------------------------------------------------

Report Check Netlist: 
+------+------------------+-------+---------+-------+------------------+
|      |Item              |Errors |Warnings |Status |Description       |
+------+------------------+-------+---------+-------+------------------+
|1     |multi_driven_nets |      0|        0|Passed |Multi driven nets |
+------+------------------+-------+---------+-------+------------------+
---------------------------------------------------------------------------------
Start Renaming Generated Instances
---------------------------------------------------------------------------------
---------------------------------------------------------------------------------
Finished Renaming Generated Instances : Time (s): cpu = 00:00:50 ; elapsed = 00:00:52 . Memory (MB): peak = 914.102 ; gain = 618.562
---------------------------------------------------------------------------------

Report RTL Partitions: 
+-+--------------+------------+----------+
| |RTL Partition |Replication |Instances |
+-+--------------+------------+----------+
+-+--------------+------------+----------+
---------------------------------------------------------------------------------
Start Rebuilding User Hierarchy
---------------------------------------------------------------------------------
---------------------------------------------------------------------------------
Finished Rebuilding User Hierarchy : Time (s): cpu = 00:00:50 ; elapsed = 00:00:53 . Memory (MB): peak = 914.102 ; gain = 618.562
---------------------------------------------------------------------------------
---------------------------------------------------------------------------------
Start Renaming Generated Ports
---------------------------------------------------------------------------------
---------------------------------------------------------------------------------
Finished Renaming Generated Ports : Time (s): cpu = 00:00:50 ; elapsed = 00:00:53 . Memory (MB): peak = 914.102 ; gain = 618.562
---------------------------------------------------------------------------------
---------------------------------------------------------------------------------
Start Handling Custom Attributes
---------------------------------------------------------------------------------
---------------------------------------------------------------------------------
Finished Handling Custom Attributes : Time (s): cpu = 00:00:50 ; elapsed = 00:00:53 . Memory (MB): peak = 914.102 ; gain = 618.562
---------------------------------------------------------------------------------
---------------------------------------------------------------------------------
Start Renaming Generated Nets
---------------------------------------------------------------------------------
---------------------------------------------------------------------------------
Finished Renaming Generated Nets : Time (s): cpu = 00:00:50 ; elapsed = 00:00:53 . Memory (MB): peak = 914.102 ; gain = 618.562
---------------------------------------------------------------------------------
---------------------------------------------------------------------------------
Start Writing Synthesis Report
---------------------------------------------------------------------------------

Report BlackBoxes: 
+------+--------------+----------+
|      |BlackBox name |Instances |
+------+--------------+----------+
|1     |RAM           |         1|
|2     |Inst_ROM      |         1|
+------+--------------+----------+

Report Cell Usage: 
+------+---------+------+
|      |Cell     |Count |
+------+---------+------+
|1     |Inst_ROM |     1|
|2     |RAM      |     1|
|3     |BUFG     |     1|
|4     |CARRY4   |    38|
|5     |LUT1     |     2|
|6     |LUT2     |    65|
|7     |LUT3     |    29|
|8     |LUT4     |   107|
|9     |LUT5     |   136|
|10    |LUT6     |   781|
|11    |MUXF7    |   288|
|12    |MUXF8    |    72|
|13    |FDCE     |  1094|
|14    |FDRE     |    38|
|15    |LD       |     1|
|16    |IBUF     |     7|
|17    |OBUF     |    44|
+------+---------+------+

Report Instance Areas: 
+------+----------------+---------+------+
|      |Instance        |Module   |Cells |
+------+----------------+---------+------+
|1     |top             |         |  2767|
|2     |  Display_init  |Display  |    31|
|3     |  PC_init       |PC       |   570|
|4     |  REGS_ALU_init |REGS_ALU |  2049|
|5     |    ALU_init    |ALU      |    39|
|6     |    REGS_init   |REGS     |  2010|
+------+----------------+---------+------+
---------------------------------------------------------------------------------
Finished Writing Synthesis Report : Time (s): cpu = 00:00:50 ; elapsed = 00:00:53 . Memory (MB): peak = 914.102 ; gain = 618.562
---------------------------------------------------------------------------------
Synthesis finished with 0 errors, 33 critical warnings and 35 warnings.
Synthesis Optimization Runtime : Time (s): cpu = 00:00:44 ; elapsed = 00:00:48 . Memory (MB): peak = 914.102 ; gain = 264.934
Synthesis Optimization Complete : Time (s): cpu = 00:00:50 ; elapsed = 00:00:53 . Memory (MB): peak = 914.102 ; gain = 618.562
INFO: [Project 1-571] Translating synthesized netlist
INFO: [Netlist 29-17] Analyzing 399 Unisim elements for replacement
INFO: [Netlist 29-28] Unisim Transformation completed in 0 CPU seconds
INFO: [Project 1-570] Preparing netlist for logic optimization
INFO: [Opt 31-138] Pushed 0 inverter(s) to 0 load pin(s).
Netlist sorting complete. Time (s): cpu = 00:00:00 ; elapsed = 00:00:00.001 . Memory (MB): peak = 914.102 ; gain = 0.000
INFO: [Project 1-111] Unisim Transformation Summary:
  A total of 1 instances were transformed.
  LD => LDCE: 1 instances

INFO: [Common 17-83] Releasing license: Synthesis
71 Infos, 67 Warnings, 33 Critical Warnings and 0 Errors encountered.
synth_design completed successfully
synth_design: Time (s): cpu = 00:00:51 ; elapsed = 00:00:55 . Memory (MB): peak = 914.102 ; gain = 628.355
Netlist sorting complete. Time (s): cpu = 00:00:00 ; elapsed = 00:00:00 . Memory (MB): peak = 914.102 ; gain = 0.000
WARNING: [Constraints 18-5210] No constraints selected for write.
Resolution: This message can indicate that there are no constraints for the design, or it can indicate that the used_in flags are set such that the constraints are ignored. This later case is used when running synth_design to not write synthesis constraints to the resulting checkpoint. Instead, project constraints are read when the synthesized design is opened.
INFO: [Common 17-1381] The checkpoint 'D:/VivadoProject/project_13/project_13.runs/synth_1/CPU.dcp' has been generated.
INFO: [runtcl-4] Executing : report_utilization -file CPU_utilization_synth.rpt -pb CPU_utilization_synth.pb
INFO: [Common 17-206] Exiting Vivado at Thu May  8 14:11:57 2025...
