Vivado Simulator 2018.3
Time resolution is 1 ps
 Block Memory Generator module loading initial data...
 Block Memory Generator data initialization complete.
Block Memory Generator module Fetch_Inst_Code_tb.u0.PC_ins.InstROM_ins.inst.native_mem_module.blk_mem_gen_v8_4_2_inst is using a behavioral model for simulation which will not precisely model memory collision behavior.
         0 --- xxxxxxxx --- 7_2 0
         0 --- 00004027 --- 7_2 0
         4 --- 0008102b --- 7_2 1
         8 --- 00421820 --- 7_2 2
        12 --- 00622020 --- 7_2 3
        16 --- 00832820 --- 7_2 4
        20 --- 00a33020 --- 7_2 5
        24 --- 00463804 --- 7_2 6
        28 --- 00a64820 --- 7_2 7
        32 --- 01264004 --- 7_2 8
        36 --- 01084826 --- 7_2 9
        40 --- 01285020 --- 7_210
        44 --- 01075822 --- 7_211
        48 --- 00e86022 --- 7_212
        52 --- 012c6824 --- 7_213
        56 --- 012c7025 --- 7_214
        60 --- 00c77825 --- 7_215
        64 --- 00c78027 --- 7_216
        68 --- 00e38820 --- 7_217
        72 --- 02289004 --- 7_218
        76 --- 02239804 --- 7_219
        80 --- 00f3a004 --- 7_220
        84 --- 0288a820 --- 7_221
        88 --- 0255b025 --- 7_222
        92 --- 0296b821 --- 7_223
        96 --- 0296c022 --- 7_224
       100 --- 02d4c822 --- 7_225
       104 --- 0248d026 --- 7_226
       108 --- 02d4d82b --- 7_227
       112 --- 0354e02b --- 7_228
       116 --- 02c2e820 --- 7_229
       120 --- 0282f023 --- 7_230
       124 --- 017af820 --- 7_231
       128 --- 00000000 --- 7_232
       132 --- 00000000 --- 7_233
       136 --- 00000000 --- 7_234
       140 --- 00000000 --- 7_235
       144 --- 00000000 --- 7_236
       148 --- 00000000 --- 7_237
       152 --- 00000000 --- 7_238
       156 --- 00000000 --- 7_239
       160 --- 00000000 --- 7_240
       164 --- 00000000 --- 7_241
       168 --- 00000000 --- 7_242
       172 --- 00000000 --- 7_243
       176 --- 00000000 --- 7_244
       180 --- 00000000 --- 7_245
       184 --- 00000000 --- 7_246
       188 --- 00000000 --- 7_247
       192 --- 00000000 --- 7_248
       196 --- 00000000 --- 7_249
       200 --- 00000000 --- 7_250
       204 --- 00000000 --- 7_251
       208 --- 00000000 --- 7_252
       212 --- 00000000 --- 7_253
       216 --- 00000000 --- 7_254
       220 --- 00000000 --- 7_255
       224 --- 00000000 --- 7_256
       228 --- 00000000 --- 7_257
       232 --- 00000000 --- 7_258
       236 --- 00000000 --- 7_259
       240 --- 00000000 --- 7_260
       244 --- 00000000 --- 7_261
       248 --- 00000000 --- 7_262
       252 --- 00000000 --- 7_263
       256 --- 00004027 --- 7_2 0
       260 --- 0008102b --- 7_2 1
       264 --- 00421820 --- 7_2 2
       268 --- 00622020 --- 7_2 3
       272 --- 00832820 --- 7_2 4
       276 --- 00a33020 --- 7_2 5
       280 --- 00463804 --- 7_2 6
       284 --- 00a64820 --- 7_2 7
       288 --- 01264004 --- 7_2 8
       292 --- 01084826 --- 7_2 9
       296 --- 01285020 --- 7_210
       300 --- 01075822 --- 7_211
       304 --- 00e86022 --- 7_212
       308 --- 012c6824 --- 7_213
       312 --- 012c7025 --- 7_214
       316 --- 00c77825 --- 7_215
       320 --- 00c78027 --- 7_216
       324 --- 00e38820 --- 7_217
       328 --- 02289004 --- 7_218
       332 --- 02239804 --- 7_219
       336 --- 00f3a004 --- 7_220
       340 --- 0288a820 --- 7_221
       344 --- 0255b025 --- 7_222
       348 --- 0296b821 --- 7_223
       352 --- 0296c022 --- 7_224
       356 --- 02d4c822 --- 7_225
       360 --- 0248d026 --- 7_226
       364 --- 02d4d82b --- 7_227
       368 --- 0354e02b --- 7_228
       372 --- 02c2e820 --- 7_229
       376 --- 0282f023 --- 7_230
       380 --- 017af820 --- 7_231
       384 --- 00000000 --- 7_232
       388 --- 00000000 --- 7_233
       392 --- 00000000 --- 7_234
       396 --- 00000000 --- 7_235
       400 --- 00000000 --- 7_236
         0 --- 00004027 --- 7_2 0
         4 --- 0008102b --- 7_2 1
         8 --- 00421820 --- 7_2 2
        12 --- 00622020 --- 7_2 3
        16 --- 00832820 --- 7_2 4
        20 --- 00a33020 --- 7_2 5
        24 --- 00463804 --- 7_2 6
        28 --- 00a64820 --- 7_2 7
        32 --- 01264004 --- 7_2 8
        36 --- 01084826 --- 7_2 9
$finish called at time : 1120 ns : File "C:/Users/southernMD/vivado/project_10/project_10/project_10.srcs/sim_1/new/Fetch_Inst_Code_tb.v" Line 45
